Copyright 1986-2018 Xilinx, Inc. All Rights Reserved.
------------------------------------------------------------------------------------------------------------------------------
| Tool Version : Vivado v.2018.2 (lin64) Build 2258646 Thu Jun 14 20:02:38 MDT 2018
| Date         : Tue Dec 23 17:15:31 2025
| Host         : alexey101-lenovo-14-AHP9 running 64-bit Ubuntu 24.04.3 LTS
| Command      : report_drc -file pcie_wrapper_drc_routed.rpt -pb pcie_wrapper_drc_routed.pb -rpx pcie_wrapper_drc_routed.rpx
| Design       : pcie_wrapper
| Device       : xc7z045ffg900-2
| Speed File   : -2
| Design State : Routed
------------------------------------------------------------------------------------------------------------------------------

Report DRC

Table of Contents
-----------------
1. REPORT SUMMARY
2. REPORT DETAILS

1. REPORT SUMMARY
-----------------
            Netlist: netlist
          Floorplan: design_1
      Design limits: <entire design considered>
           Ruledeck: default
             Max violations: <unlimited>
             Violations found: 24
+-----------+----------+----------------------------+------------+
| Rule      | Severity | Description                | Violations |
+-----------+----------+----------------------------+------------+
| CHECK-3   | Warning  | Report rule limit reached  | 1          |
| PDRC-62   | Warning  | SLICEM_5lutO5_B5           | 1          |
| REQP-1839 | Warning  | RAMB36 async control check | 20         |
| REQP-1840 | Warning  | RAMB18 async control check | 1          |
| RTSTAT-10 | Warning  | No routable loads          | 1          |
+-----------+----------+----------------------------+------------+

2. REPORT DETAILS
-----------------
CHECK-3#1 Warning
Report rule limit reached  
REQP-1839 rule limit reached: 20 violations have been found.
Related violations: <none>

PDRC-62#1 Warning
SLICEM_5lutO5_B5  
Dangling output pin O5 on site SLICE_X140Y142:B5LUT. For this programming the O5 output pin should have a signal.
Related violations: <none>

REQP-1839#1 Warning
RAMB36 async control check  
The RAMB36E1 pcie_i/xdma_0/inst/pcie_xdma_0_0_pcie2_to_pcie3_wrapper_i/pcie2_ip_i/inst/inst/pcie_top_i/pcie_7x_i/pcie_bram_top/pcie_brams_rx/brams[0].ram/use_tdp.ramb36/genblk5_0.bram36_tdp_bl.bram36_tdp_bl has an input control pin pcie_i/xdma_0/inst/pcie_xdma_0_0_pcie2_to_pcie3_wrapper_i/pcie2_ip_i/inst/inst/pcie_top_i/pcie_7x_i/pcie_bram_top/pcie_brams_rx/brams[0].ram/use_tdp.ramb36/genblk5_0.bram36_tdp_bl.bram36_tdp_bl/ADDRARDADDR[10] (net: pcie_i/xdma_0/inst/pcie_xdma_0_0_pcie2_to_pcie3_wrapper_i/pcie2_ip_i/inst/inst/pcie_top_i/pcie_7x_i/pcie_bram_top/pcie_brams_rx/brams[0].ram/use_tdp.ramb36/MIMRXWADDR[6]) which is driven by a register (pcie_i/xdma_0/inst/pcie_xdma_0_0_pcie2_to_pcie3_wrapper_i/pcie_xdma_0_0_axi_stream_intf_i/pcie_xdma_0_0_rx_demux_i/tgt_brdg_fifo_inst/U0/inst_fifo_gen/gaxis_fifo.gaxisf.axisf/grf.rf/gntv_or_sync_fifo.gl0.wr/gwss.gpf.wrpf/gpfs.prog_full_i_reg) that has an active asychronous set or reset. This may cause corruption of the memory contents and/or read values when the set/reset is asserted and is not analyzed by the default static timing analysis. It is suggested to eliminate the use of a set/reset to registers driving this RAMB pin or else use a synchronous reset in which the assertion of the reset is timed by default.
Related violations: <none>

REQP-1839#2 Warning
RAMB36 async control check  
The RAMB36E1 pcie_i/xdma_0/inst/pcie_xdma_0_0_pcie2_to_pcie3_wrapper_i/pcie2_ip_i/inst/inst/pcie_top_i/pcie_7x_i/pcie_bram_top/pcie_brams_rx/brams[0].ram/use_tdp.ramb36/genblk5_0.bram36_tdp_bl.bram36_tdp_bl has an input control pin pcie_i/xdma_0/inst/pcie_xdma_0_0_pcie2_to_pcie3_wrapper_i/pcie2_ip_i/inst/inst/pcie_top_i/pcie_7x_i/pcie_bram_top/pcie_brams_rx/brams[0].ram/use_tdp.ramb36/genblk5_0.bram36_tdp_bl.bram36_tdp_bl/ADDRARDADDR[11] (net: pcie_i/xdma_0/inst/pcie_xdma_0_0_pcie2_to_pcie3_wrapper_i/pcie2_ip_i/inst/inst/pcie_top_i/pcie_7x_i/pcie_bram_top/pcie_brams_rx/brams[0].ram/use_tdp.ramb36/MIMRXWADDR[7]) which is driven by a register (pcie_i/xdma_0/inst/pcie_xdma_0_0_pcie2_to_pcie3_wrapper_i/pcie_xdma_0_0_axi_stream_intf_i/pcie_xdma_0_0_rx_demux_i/tgt_brdg_fifo_inst/U0/inst_fifo_gen/gaxis_fifo.gaxisf.axisf/grf.rf/gntv_or_sync_fifo.gl0.wr/gwss.gpf.wrpf/gpfs.prog_full_i_reg) that has an active asychronous set or reset. This may cause corruption of the memory contents and/or read values when the set/reset is asserted and is not analyzed by the default static timing analysis. It is suggested to eliminate the use of a set/reset to registers driving this RAMB pin or else use a synchronous reset in which the assertion of the reset is timed by default.
Related violations: <none>

REQP-1839#3 Warning
RAMB36 async control check  
The RAMB36E1 pcie_i/xdma_0/inst/pcie_xdma_0_0_pcie2_to_pcie3_wrapper_i/pcie2_ip_i/inst/inst/pcie_top_i/pcie_7x_i/pcie_bram_top/pcie_brams_rx/brams[0].ram/use_tdp.ramb36/genblk5_0.bram36_tdp_bl.bram36_tdp_bl has an input control pin pcie_i/xdma_0/inst/pcie_xdma_0_0_pcie2_to_pcie3_wrapper_i/pcie2_ip_i/inst/inst/pcie_top_i/pcie_7x_i/pcie_bram_top/pcie_brams_rx/brams[0].ram/use_tdp.ramb36/genblk5_0.bram36_tdp_bl.bram36_tdp_bl/ADDRARDADDR[12] (net: pcie_i/xdma_0/inst/pcie_xdma_0_0_pcie2_to_pcie3_wrapper_i/pcie2_ip_i/inst/inst/pcie_top_i/pcie_7x_i/pcie_bram_top/pcie_brams_rx/brams[0].ram/use_tdp.ramb36/MIMRXWADDR[8]) which is driven by a register (pcie_i/xdma_0/inst/pcie_xdma_0_0_pcie2_to_pcie3_wrapper_i/pcie_xdma_0_0_axi_stream_intf_i/pcie_xdma_0_0_rx_demux_i/tgt_brdg_fifo_inst/U0/inst_fifo_gen/gaxis_fifo.gaxisf.axisf/grf.rf/gntv_or_sync_fifo.gl0.wr/gwss.gpf.wrpf/gpfs.prog_full_i_reg) that has an active asychronous set or reset. This may cause corruption of the memory contents and/or read values when the set/reset is asserted and is not analyzed by the default static timing analysis. It is suggested to eliminate the use of a set/reset to registers driving this RAMB pin or else use a synchronous reset in which the assertion of the reset is timed by default.
Related violations: <none>

REQP-1839#4 Warning
RAMB36 async control check  
The RAMB36E1 pcie_i/xdma_0/inst/pcie_xdma_0_0_pcie2_to_pcie3_wrapper_i/pcie2_ip_i/inst/inst/pcie_top_i/pcie_7x_i/pcie_bram_top/pcie_brams_rx/brams[0].ram/use_tdp.ramb36/genblk5_0.bram36_tdp_bl.bram36_tdp_bl has an input control pin pcie_i/xdma_0/inst/pcie_xdma_0_0_pcie2_to_pcie3_wrapper_i/pcie2_ip_i/inst/inst/pcie_top_i/pcie_7x_i/pcie_bram_top/pcie_brams_rx/brams[0].ram/use_tdp.ramb36/genblk5_0.bram36_tdp_bl.bram36_tdp_bl/ADDRARDADDR[13] (net: pcie_i/xdma_0/inst/pcie_xdma_0_0_pcie2_to_pcie3_wrapper_i/pcie2_ip_i/inst/inst/pcie_top_i/pcie_7x_i/pcie_bram_top/pcie_brams_rx/brams[0].ram/use_tdp.ramb36/MIMRXWADDR[9]) which is driven by a register (pcie_i/xdma_0/inst/pcie_xdma_0_0_pcie2_to_pcie3_wrapper_i/pcie_xdma_0_0_axi_stream_intf_i/pcie_xdma_0_0_rx_demux_i/tgt_brdg_fifo_inst/U0/inst_fifo_gen/gaxis_fifo.gaxisf.axisf/grf.rf/gntv_or_sync_fifo.gl0.wr/gwss.gpf.wrpf/gpfs.prog_full_i_reg) that has an active asychronous set or reset. This may cause corruption of the memory contents and/or read values when the set/reset is asserted and is not analyzed by the default static timing analysis. It is suggested to eliminate the use of a set/reset to registers driving this RAMB pin or else use a synchronous reset in which the assertion of the reset is timed by default.
Related violations: <none>

REQP-1839#5 Warning
RAMB36 async control check  
The RAMB36E1 pcie_i/xdma_0/inst/pcie_xdma_0_0_pcie2_to_pcie3_wrapper_i/pcie2_ip_i/inst/inst/pcie_top_i/pcie_7x_i/pcie_bram_top/pcie_brams_rx/brams[0].ram/use_tdp.ramb36/genblk5_0.bram36_tdp_bl.bram36_tdp_bl has an input control pin pcie_i/xdma_0/inst/pcie_xdma_0_0_pcie2_to_pcie3_wrapper_i/pcie2_ip_i/inst/inst/pcie_top_i/pcie_7x_i/pcie_bram_top/pcie_brams_rx/brams[0].ram/use_tdp.ramb36/genblk5_0.bram36_tdp_bl.bram36_tdp_bl/ADDRARDADDR[14] (net: pcie_i/xdma_0/inst/pcie_xdma_0_0_pcie2_to_pcie3_wrapper_i/pcie2_ip_i/inst/inst/pcie_top_i/pcie_7x_i/pcie_bram_top/pcie_brams_rx/brams[0].ram/use_tdp.ramb36/MIMRXWADDR[10]) which is driven by a register (pcie_i/xdma_0/inst/pcie_xdma_0_0_pcie2_to_pcie3_wrapper_i/pcie_xdma_0_0_axi_stream_intf_i/pcie_xdma_0_0_rx_demux_i/tgt_brdg_fifo_inst/U0/inst_fifo_gen/gaxis_fifo.gaxisf.axisf/grf.rf/gntv_or_sync_fifo.gl0.wr/gwss.gpf.wrpf/gpfs.prog_full_i_reg) that has an active asychronous set or reset. This may cause corruption of the memory contents and/or read values when the set/reset is asserted and is not analyzed by the default static timing analysis. It is suggested to eliminate the use of a set/reset to registers driving this RAMB pin or else use a synchronous reset in which the assertion of the reset is timed by default.
Related violations: <none>

REQP-1839#6 Warning
RAMB36 async control check  
The RAMB36E1 pcie_i/xdma_0/inst/pcie_xdma_0_0_pcie2_to_pcie3_wrapper_i/pcie2_ip_i/inst/inst/pcie_top_i/pcie_7x_i/pcie_bram_top/pcie_brams_rx/brams[0].ram/use_tdp.ramb36/genblk5_0.bram36_tdp_bl.bram36_tdp_bl has an input control pin pcie_i/xdma_0/inst/pcie_xdma_0_0_pcie2_to_pcie3_wrapper_i/pcie2_ip_i/inst/inst/pcie_top_i/pcie_7x_i/pcie_bram_top/pcie_brams_rx/brams[0].ram/use_tdp.ramb36/genblk5_0.bram36_tdp_bl.bram36_tdp_bl/ADDRARDADDR[4] (net: pcie_i/xdma_0/inst/pcie_xdma_0_0_pcie2_to_pcie3_wrapper_i/pcie2_ip_i/inst/inst/pcie_top_i/pcie_7x_i/pcie_bram_top/pcie_brams_rx/brams[0].ram/use_tdp.ramb36/MIMRXWADDR[0]) which is driven by a register (pcie_i/xdma_0/inst/pcie_xdma_0_0_pcie2_to_pcie3_wrapper_i/pcie_xdma_0_0_axi_stream_intf_i/pcie_xdma_0_0_rx_demux_i/tgt_brdg_fifo_inst/U0/inst_fifo_gen/gaxis_fifo.gaxisf.axisf/grf.rf/gntv_or_sync_fifo.gl0.wr/gwss.gpf.wrpf/gpfs.prog_full_i_reg) that has an active asychronous set or reset. This may cause corruption of the memory contents and/or read values when the set/reset is asserted and is not analyzed by the default static timing analysis. It is suggested to eliminate the use of a set/reset to registers driving this RAMB pin or else use a synchronous reset in which the assertion of the reset is timed by default.
Related violations: <none>

REQP-1839#7 Warning
RAMB36 async control check  
The RAMB36E1 pcie_i/xdma_0/inst/pcie_xdma_0_0_pcie2_to_pcie3_wrapper_i/pcie2_ip_i/inst/inst/pcie_top_i/pcie_7x_i/pcie_bram_top/pcie_brams_rx/brams[0].ram/use_tdp.ramb36/genblk5_0.bram36_tdp_bl.bram36_tdp_bl has an input control pin pcie_i/xdma_0/inst/pcie_xdma_0_0_pcie2_to_pcie3_wrapper_i/pcie2_ip_i/inst/inst/pcie_top_i/pcie_7x_i/pcie_bram_top/pcie_brams_rx/brams[0].ram/use_tdp.ramb36/genblk5_0.bram36_tdp_bl.bram36_tdp_bl/ADDRARDADDR[5] (net: pcie_i/xdma_0/inst/pcie_xdma_0_0_pcie2_to_pcie3_wrapper_i/pcie2_ip_i/inst/inst/pcie_top_i/pcie_7x_i/pcie_bram_top/pcie_brams_rx/brams[0].ram/use_tdp.ramb36/MIMRXWADDR[1]) which is driven by a register (pcie_i/xdma_0/inst/pcie_xdma_0_0_pcie2_to_pcie3_wrapper_i/pcie_xdma_0_0_axi_stream_intf_i/pcie_xdma_0_0_rx_demux_i/tgt_brdg_fifo_inst/U0/inst_fifo_gen/gaxis_fifo.gaxisf.axisf/grf.rf/gntv_or_sync_fifo.gl0.wr/gwss.gpf.wrpf/gpfs.prog_full_i_reg) that has an active asychronous set or reset. This may cause corruption of the memory contents and/or read values when the set/reset is asserted and is not analyzed by the default static timing analysis. It is suggested to eliminate the use of a set/reset to registers driving this RAMB pin or else use a synchronous reset in which the assertion of the reset is timed by default.
Related violations: <none>

REQP-1839#8 Warning
RAMB36 async control check  
The RAMB36E1 pcie_i/xdma_0/inst/pcie_xdma_0_0_pcie2_to_pcie3_wrapper_i/pcie2_ip_i/inst/inst/pcie_top_i/pcie_7x_i/pcie_bram_top/pcie_brams_rx/brams[0].ram/use_tdp.ramb36/genblk5_0.bram36_tdp_bl.bram36_tdp_bl has an input control pin pcie_i/xdma_0/inst/pcie_xdma_0_0_pcie2_to_pcie3_wrapper_i/pcie2_ip_i/inst/inst/pcie_top_i/pcie_7x_i/pcie_bram_top/pcie_brams_rx/brams[0].ram/use_tdp.ramb36/genblk5_0.bram36_tdp_bl.bram36_tdp_bl/ADDRARDADDR[6] (net: pcie_i/xdma_0/inst/pcie_xdma_0_0_pcie2_to_pcie3_wrapper_i/pcie2_ip_i/inst/inst/pcie_top_i/pcie_7x_i/pcie_bram_top/pcie_brams_rx/brams[0].ram/use_tdp.ramb36/MIMRXWADDR[2]) which is driven by a register (pcie_i/xdma_0/inst/pcie_xdma_0_0_pcie2_to_pcie3_wrapper_i/pcie_xdma_0_0_axi_stream_intf_i/pcie_xdma_0_0_rx_demux_i/tgt_brdg_fifo_inst/U0/inst_fifo_gen/gaxis_fifo.gaxisf.axisf/grf.rf/gntv_or_sync_fifo.gl0.wr/gwss.gpf.wrpf/gpfs.prog_full_i_reg) that has an active asychronous set or reset. This may cause corruption of the memory contents and/or read values when the set/reset is asserted and is not analyzed by the default static timing analysis. It is suggested to eliminate the use of a set/reset to registers driving this RAMB pin or else use a synchronous reset in which the assertion of the reset is timed by default.
Related violations: <none>

REQP-1839#9 Warning
RAMB36 async control check  
The RAMB36E1 pcie_i/xdma_0/inst/pcie_xdma_0_0_pcie2_to_pcie3_wrapper_i/pcie2_ip_i/inst/inst/pcie_top_i/pcie_7x_i/pcie_bram_top/pcie_brams_rx/brams[0].ram/use_tdp.ramb36/genblk5_0.bram36_tdp_bl.bram36_tdp_bl has an input control pin pcie_i/xdma_0/inst/pcie_xdma_0_0_pcie2_to_pcie3_wrapper_i/pcie2_ip_i/inst/inst/pcie_top_i/pcie_7x_i/pcie_bram_top/pcie_brams_rx/brams[0].ram/use_tdp.ramb36/genblk5_0.bram36_tdp_bl.bram36_tdp_bl/ADDRARDADDR[7] (net: pcie_i/xdma_0/inst/pcie_xdma_0_0_pcie2_to_pcie3_wrapper_i/pcie2_ip_i/inst/inst/pcie_top_i/pcie_7x_i/pcie_bram_top/pcie_brams_rx/brams[0].ram/use_tdp.ramb36/MIMRXWADDR[3]) which is driven by a register (pcie_i/xdma_0/inst/pcie_xdma_0_0_pcie2_to_pcie3_wrapper_i/pcie_xdma_0_0_axi_stream_intf_i/pcie_xdma_0_0_rx_demux_i/tgt_brdg_fifo_inst/U0/inst_fifo_gen/gaxis_fifo.gaxisf.axisf/grf.rf/gntv_or_sync_fifo.gl0.wr/gwss.gpf.wrpf/gpfs.prog_full_i_reg) that has an active asychronous set or reset. This may cause corruption of the memory contents and/or read values when the set/reset is asserted and is not analyzed by the default static timing analysis. It is suggested to eliminate the use of a set/reset to registers driving this RAMB pin or else use a synchronous reset in which the assertion of the reset is timed by default.
Related violations: <none>

REQP-1839#10 Warning
RAMB36 async control check  
The RAMB36E1 pcie_i/xdma_0/inst/pcie_xdma_0_0_pcie2_to_pcie3_wrapper_i/pcie2_ip_i/inst/inst/pcie_top_i/pcie_7x_i/pcie_bram_top/pcie_brams_rx/brams[0].ram/use_tdp.ramb36/genblk5_0.bram36_tdp_bl.bram36_tdp_bl has an input control pin pcie_i/xdma_0/inst/pcie_xdma_0_0_pcie2_to_pcie3_wrapper_i/pcie2_ip_i/inst/inst/pcie_top_i/pcie_7x_i/pcie_bram_top/pcie_brams_rx/brams[0].ram/use_tdp.ramb36/genblk5_0.bram36_tdp_bl.bram36_tdp_bl/ADDRARDADDR[8] (net: pcie_i/xdma_0/inst/pcie_xdma_0_0_pcie2_to_pcie3_wrapper_i/pcie2_ip_i/inst/inst/pcie_top_i/pcie_7x_i/pcie_bram_top/pcie_brams_rx/brams[0].ram/use_tdp.ramb36/MIMRXWADDR[4]) which is driven by a register (pcie_i/xdma_0/inst/pcie_xdma_0_0_pcie2_to_pcie3_wrapper_i/pcie_xdma_0_0_axi_stream_intf_i/pcie_xdma_0_0_rx_demux_i/tgt_brdg_fifo_inst/U0/inst_fifo_gen/gaxis_fifo.gaxisf.axisf/grf.rf/gntv_or_sync_fifo.gl0.wr/gwss.gpf.wrpf/gpfs.prog_full_i_reg) that has an active asychronous set or reset. This may cause corruption of the memory contents and/or read values when the set/reset is asserted and is not analyzed by the default static timing analysis. It is suggested to eliminate the use of a set/reset to registers driving this RAMB pin or else use a synchronous reset in which the assertion of the reset is timed by default.
Related violations: <none>

REQP-1839#11 Warning
RAMB36 async control check  
The RAMB36E1 pcie_i/xdma_0/inst/pcie_xdma_0_0_pcie2_to_pcie3_wrapper_i/pcie2_ip_i/inst/inst/pcie_top_i/pcie_7x_i/pcie_bram_top/pcie_brams_rx/brams[0].ram/use_tdp.ramb36/genblk5_0.bram36_tdp_bl.bram36_tdp_bl has an input control pin pcie_i/xdma_0/inst/pcie_xdma_0_0_pcie2_to_pcie3_wrapper_i/pcie2_ip_i/inst/inst/pcie_top_i/pcie_7x_i/pcie_bram_top/pcie_brams_rx/brams[0].ram/use_tdp.ramb36/genblk5_0.bram36_tdp_bl.bram36_tdp_bl/ADDRARDADDR[9] (net: pcie_i/xdma_0/inst/pcie_xdma_0_0_pcie2_to_pcie3_wrapper_i/pcie2_ip_i/inst/inst/pcie_top_i/pcie_7x_i/pcie_bram_top/pcie_brams_rx/brams[0].ram/use_tdp.ramb36/MIMRXWADDR[5]) which is driven by a register (pcie_i/xdma_0/inst/pcie_xdma_0_0_pcie2_to_pcie3_wrapper_i/pcie_xdma_0_0_axi_stream_intf_i/pcie_xdma_0_0_rx_demux_i/tgt_brdg_fifo_inst/U0/inst_fifo_gen/gaxis_fifo.gaxisf.axisf/grf.rf/gntv_or_sync_fifo.gl0.wr/gwss.gpf.wrpf/gpfs.prog_full_i_reg) that has an active asychronous set or reset. This may cause corruption of the memory contents and/or read values when the set/reset is asserted and is not analyzed by the default static timing analysis. It is suggested to eliminate the use of a set/reset to registers driving this RAMB pin or else use a synchronous reset in which the assertion of the reset is timed by default.
Related violations: <none>

REQP-1839#12 Warning
RAMB36 async control check  
The RAMB36E1 pcie_i/xdma_0/inst/pcie_xdma_0_0_pcie2_to_pcie3_wrapper_i/pcie2_ip_i/inst/inst/pcie_top_i/pcie_7x_i/pcie_bram_top/pcie_brams_rx/brams[0].ram/use_tdp.ramb36/genblk5_0.bram36_tdp_bl.bram36_tdp_bl has an input control pin pcie_i/xdma_0/inst/pcie_xdma_0_0_pcie2_to_pcie3_wrapper_i/pcie2_ip_i/inst/inst/pcie_top_i/pcie_7x_i/pcie_bram_top/pcie_brams_rx/brams[0].ram/use_tdp.ramb36/genblk5_0.bram36_tdp_bl.bram36_tdp_bl/ADDRBWRADDR[10] (net: pcie_i/xdma_0/inst/pcie_xdma_0_0_pcie2_to_pcie3_wrapper_i/pcie2_ip_i/inst/inst/pcie_top_i/pcie_7x_i/pcie_bram_top/pcie_brams_rx/brams[0].ram/use_tdp.ramb36/MIMRXRADDR[6]) which is driven by a register (pcie_i/xdma_0/inst/pcie_xdma_0_0_pcie2_to_pcie3_wrapper_i/pcie_xdma_0_0_axi_stream_intf_i/pcie_xdma_0_0_rx_demux_i/tgt_brdg_fifo_inst/U0/inst_fifo_gen/gaxis_fifo.gaxisf.axisf/grf.rf/gntv_or_sync_fifo.gl0.wr/gwss.gpf.wrpf/gpfs.prog_full_i_reg) that has an active asychronous set or reset. This may cause corruption of the memory contents and/or read values when the set/reset is asserted and is not analyzed by the default static timing analysis. It is suggested to eliminate the use of a set/reset to registers driving this RAMB pin or else use a synchronous reset in which the assertion of the reset is timed by default.
Related violations: <none>

REQP-1839#13 Warning
RAMB36 async control check  
The RAMB36E1 pcie_i/xdma_0/inst/pcie_xdma_0_0_pcie2_to_pcie3_wrapper_i/pcie2_ip_i/inst/inst/pcie_top_i/pcie_7x_i/pcie_bram_top/pcie_brams_rx/brams[0].ram/use_tdp.ramb36/genblk5_0.bram36_tdp_bl.bram36_tdp_bl has an input control pin pcie_i/xdma_0/inst/pcie_xdma_0_0_pcie2_to_pcie3_wrapper_i/pcie2_ip_i/inst/inst/pcie_top_i/pcie_7x_i/pcie_bram_top/pcie_brams_rx/brams[0].ram/use_tdp.ramb36/genblk5_0.bram36_tdp_bl.bram36_tdp_bl/ADDRBWRADDR[11] (net: pcie_i/xdma_0/inst/pcie_xdma_0_0_pcie2_to_pcie3_wrapper_i/pcie2_ip_i/inst/inst/pcie_top_i/pcie_7x_i/pcie_bram_top/pcie_brams_rx/brams[0].ram/use_tdp.ramb36/MIMRXRADDR[7]) which is driven by a register (pcie_i/xdma_0/inst/pcie_xdma_0_0_pcie2_to_pcie3_wrapper_i/pcie_xdma_0_0_axi_stream_intf_i/pcie_xdma_0_0_rx_demux_i/tgt_brdg_fifo_inst/U0/inst_fifo_gen/gaxis_fifo.gaxisf.axisf/grf.rf/gntv_or_sync_fifo.gl0.wr/gwss.gpf.wrpf/gpfs.prog_full_i_reg) that has an active asychronous set or reset. This may cause corruption of the memory contents and/or read values when the set/reset is asserted and is not analyzed by the default static timing analysis. It is suggested to eliminate the use of a set/reset to registers driving this RAMB pin or else use a synchronous reset in which the assertion of the reset is timed by default.
Related violations: <none>

REQP-1839#14 Warning
RAMB36 async control check  
The RAMB36E1 pcie_i/xdma_0/inst/pcie_xdma_0_0_pcie2_to_pcie3_wrapper_i/pcie2_ip_i/inst/inst/pcie_top_i/pcie_7x_i/pcie_bram_top/pcie_brams_rx/brams[0].ram/use_tdp.ramb36/genblk5_0.bram36_tdp_bl.bram36_tdp_bl has an input control pin pcie_i/xdma_0/inst/pcie_xdma_0_0_pcie2_to_pcie3_wrapper_i/pcie2_ip_i/inst/inst/pcie_top_i/pcie_7x_i/pcie_bram_top/pcie_brams_rx/brams[0].ram/use_tdp.ramb36/genblk5_0.bram36_tdp_bl.bram36_tdp_bl/ADDRBWRADDR[12] (net: pcie_i/xdma_0/inst/pcie_xdma_0_0_pcie2_to_pcie3_wrapper_i/pcie2_ip_i/inst/inst/pcie_top_i/pcie_7x_i/pcie_bram_top/pcie_brams_rx/brams[0].ram/use_tdp.ramb36/MIMRXRADDR[8]) which is driven by a register (pcie_i/xdma_0/inst/pcie_xdma_0_0_pcie2_to_pcie3_wrapper_i/pcie_xdma_0_0_axi_stream_intf_i/pcie_xdma_0_0_rx_demux_i/tgt_brdg_fifo_inst/U0/inst_fifo_gen/gaxis_fifo.gaxisf.axisf/grf.rf/gntv_or_sync_fifo.gl0.wr/gwss.gpf.wrpf/gpfs.prog_full_i_reg) that has an active asychronous set or reset. This may cause corruption of the memory contents and/or read values when the set/reset is asserted and is not analyzed by the default static timing analysis. It is suggested to eliminate the use of a set/reset to registers driving this RAMB pin or else use a synchronous reset in which the assertion of the reset is timed by default.
Related violations: <none>

REQP-1839#15 Warning
RAMB36 async control check  
The RAMB36E1 pcie_i/xdma_0/inst/pcie_xdma_0_0_pcie2_to_pcie3_wrapper_i/pcie2_ip_i/inst/inst/pcie_top_i/pcie_7x_i/pcie_bram_top/pcie_brams_rx/brams[0].ram/use_tdp.ramb36/genblk5_0.bram36_tdp_bl.bram36_tdp_bl has an input control pin pcie_i/xdma_0/inst/pcie_xdma_0_0_pcie2_to_pcie3_wrapper_i/pcie2_ip_i/inst/inst/pcie_top_i/pcie_7x_i/pcie_bram_top/pcie_brams_rx/brams[0].ram/use_tdp.ramb36/genblk5_0.bram36_tdp_bl.bram36_tdp_bl/ADDRBWRADDR[13] (net: pcie_i/xdma_0/inst/pcie_xdma_0_0_pcie2_to_pcie3_wrapper_i/pcie2_ip_i/inst/inst/pcie_top_i/pcie_7x_i/pcie_bram_top/pcie_brams_rx/brams[0].ram/use_tdp.ramb36/MIMRXRADDR[9]) which is driven by a register (pcie_i/xdma_0/inst/pcie_xdma_0_0_pcie2_to_pcie3_wrapper_i/pcie_xdma_0_0_axi_stream_intf_i/pcie_xdma_0_0_rx_demux_i/tgt_brdg_fifo_inst/U0/inst_fifo_gen/gaxis_fifo.gaxisf.axisf/grf.rf/gntv_or_sync_fifo.gl0.wr/gwss.gpf.wrpf/gpfs.prog_full_i_reg) that has an active asychronous set or reset. This may cause corruption of the memory contents and/or read values when the set/reset is asserted and is not analyzed by the default static timing analysis. It is suggested to eliminate the use of a set/reset to registers driving this RAMB pin or else use a synchronous reset in which the assertion of the reset is timed by default.
Related violations: <none>

REQP-1839#16 Warning
RAMB36 async control check  
The RAMB36E1 pcie_i/xdma_0/inst/pcie_xdma_0_0_pcie2_to_pcie3_wrapper_i/pcie2_ip_i/inst/inst/pcie_top_i/pcie_7x_i/pcie_bram_top/pcie_brams_rx/brams[0].ram/use_tdp.ramb36/genblk5_0.bram36_tdp_bl.bram36_tdp_bl has an input control pin pcie_i/xdma_0/inst/pcie_xdma_0_0_pcie2_to_pcie3_wrapper_i/pcie2_ip_i/inst/inst/pcie_top_i/pcie_7x_i/pcie_bram_top/pcie_brams_rx/brams[0].ram/use_tdp.ramb36/genblk5_0.bram36_tdp_bl.bram36_tdp_bl/ADDRBWRADDR[14] (net: pcie_i/xdma_0/inst/pcie_xdma_0_0_pcie2_to_pcie3_wrapper_i/pcie2_ip_i/inst/inst/pcie_top_i/pcie_7x_i/pcie_bram_top/pcie_brams_rx/brams[0].ram/use_tdp.ramb36/MIMRXRADDR[10]) which is driven by a register (pcie_i/xdma_0/inst/pcie_xdma_0_0_pcie2_to_pcie3_wrapper_i/pcie_xdma_0_0_axi_stream_intf_i/pcie_xdma_0_0_rx_demux_i/tgt_brdg_fifo_inst/U0/inst_fifo_gen/gaxis_fifo.gaxisf.axisf/grf.rf/gntv_or_sync_fifo.gl0.wr/gwss.gpf.wrpf/gpfs.prog_full_i_reg) that has an active asychronous set or reset. This may cause corruption of the memory contents and/or read values when the set/reset is asserted and is not analyzed by the default static timing analysis. It is suggested to eliminate the use of a set/reset to registers driving this RAMB pin or else use a synchronous reset in which the assertion of the reset is timed by default.
Related violations: <none>

REQP-1839#17 Warning
RAMB36 async control check  
The RAMB36E1 pcie_i/xdma_0/inst/pcie_xdma_0_0_pcie2_to_pcie3_wrapper_i/pcie2_ip_i/inst/inst/pcie_top_i/pcie_7x_i/pcie_bram_top/pcie_brams_rx/brams[0].ram/use_tdp.ramb36/genblk5_0.bram36_tdp_bl.bram36_tdp_bl has an input control pin pcie_i/xdma_0/inst/pcie_xdma_0_0_pcie2_to_pcie3_wrapper_i/pcie2_ip_i/inst/inst/pcie_top_i/pcie_7x_i/pcie_bram_top/pcie_brams_rx/brams[0].ram/use_tdp.ramb36/genblk5_0.bram36_tdp_bl.bram36_tdp_bl/ADDRBWRADDR[6] (net: pcie_i/xdma_0/inst/pcie_xdma_0_0_pcie2_to_pcie3_wrapper_i/pcie2_ip_i/inst/inst/pcie_top_i/pcie_7x_i/pcie_bram_top/pcie_brams_rx/brams[0].ram/use_tdp.ramb36/MIMRXRADDR[2]) which is driven by a register (pcie_i/xdma_0/inst/pcie_xdma_0_0_pcie2_to_pcie3_wrapper_i/pcie_xdma_0_0_axi_stream_intf_i/pcie_xdma_0_0_rx_demux_i/tgt_brdg_fifo_inst/U0/inst_fifo_gen/gaxis_fifo.gaxisf.axisf/grf.rf/gntv_or_sync_fifo.gl0.wr/gwss.gpf.wrpf/gpfs.prog_full_i_reg) that has an active asychronous set or reset. This may cause corruption of the memory contents and/or read values when the set/reset is asserted and is not analyzed by the default static timing analysis. It is suggested to eliminate the use of a set/reset to registers driving this RAMB pin or else use a synchronous reset in which the assertion of the reset is timed by default.
Related violations: <none>

REQP-1839#18 Warning
RAMB36 async control check  
The RAMB36E1 pcie_i/xdma_0/inst/pcie_xdma_0_0_pcie2_to_pcie3_wrapper_i/pcie2_ip_i/inst/inst/pcie_top_i/pcie_7x_i/pcie_bram_top/pcie_brams_rx/brams[0].ram/use_tdp.ramb36/genblk5_0.bram36_tdp_bl.bram36_tdp_bl has an input control pin pcie_i/xdma_0/inst/pcie_xdma_0_0_pcie2_to_pcie3_wrapper_i/pcie2_ip_i/inst/inst/pcie_top_i/pcie_7x_i/pcie_bram_top/pcie_brams_rx/brams[0].ram/use_tdp.ramb36/genblk5_0.bram36_tdp_bl.bram36_tdp_bl/ADDRBWRADDR[7] (net: pcie_i/xdma_0/inst/pcie_xdma_0_0_pcie2_to_pcie3_wrapper_i/pcie2_ip_i/inst/inst/pcie_top_i/pcie_7x_i/pcie_bram_top/pcie_brams_rx/brams[0].ram/use_tdp.ramb36/MIMRXRADDR[3]) which is driven by a register (pcie_i/xdma_0/inst/pcie_xdma_0_0_pcie2_to_pcie3_wrapper_i/pcie_xdma_0_0_axi_stream_intf_i/pcie_xdma_0_0_rx_demux_i/tgt_brdg_fifo_inst/U0/inst_fifo_gen/gaxis_fifo.gaxisf.axisf/grf.rf/gntv_or_sync_fifo.gl0.wr/gwss.gpf.wrpf/gpfs.prog_full_i_reg) that has an active asychronous set or reset. This may cause corruption of the memory contents and/or read values when the set/reset is asserted and is not analyzed by the default static timing analysis. It is suggested to eliminate the use of a set/reset to registers driving this RAMB pin or else use a synchronous reset in which the assertion of the reset is timed by default.
Related violations: <none>

REQP-1839#19 Warning
RAMB36 async control check  
The RAMB36E1 pcie_i/xdma_0/inst/pcie_xdma_0_0_pcie2_to_pcie3_wrapper_i/pcie2_ip_i/inst/inst/pcie_top_i/pcie_7x_i/pcie_bram_top/pcie_brams_rx/brams[0].ram/use_tdp.ramb36/genblk5_0.bram36_tdp_bl.bram36_tdp_bl has an input control pin pcie_i/xdma_0/inst/pcie_xdma_0_0_pcie2_to_pcie3_wrapper_i/pcie2_ip_i/inst/inst/pcie_top_i/pcie_7x_i/pcie_bram_top/pcie_brams_rx/brams[0].ram/use_tdp.ramb36/genblk5_0.bram36_tdp_bl.bram36_tdp_bl/ADDRBWRADDR[8] (net: pcie_i/xdma_0/inst/pcie_xdma_0_0_pcie2_to_pcie3_wrapper_i/pcie2_ip_i/inst/inst/pcie_top_i/pcie_7x_i/pcie_bram_top/pcie_brams_rx/brams[0].ram/use_tdp.ramb36/MIMRXRADDR[4]) which is driven by a register (pcie_i/xdma_0/inst/pcie_xdma_0_0_pcie2_to_pcie3_wrapper_i/pcie_xdma_0_0_axi_stream_intf_i/pcie_xdma_0_0_rx_demux_i/tgt_brdg_fifo_inst/U0/inst_fifo_gen/gaxis_fifo.gaxisf.axisf/grf.rf/gntv_or_sync_fifo.gl0.wr/gwss.gpf.wrpf/gpfs.prog_full_i_reg) that has an active asychronous set or reset. This may cause corruption of the memory contents and/or read values when the set/reset is asserted and is not analyzed by the default static timing analysis. It is suggested to eliminate the use of a set/reset to registers driving this RAMB pin or else use a synchronous reset in which the assertion of the reset is timed by default.
Related violations: <none>

REQP-1839#20 Warning
RAMB36 async control check  
The RAMB36E1 pcie_i/xdma_0/inst/pcie_xdma_0_0_pcie2_to_pcie3_wrapper_i/pcie2_ip_i/inst/inst/pcie_top_i/pcie_7x_i/pcie_bram_top/pcie_brams_rx/brams[0].ram/use_tdp.ramb36/genblk5_0.bram36_tdp_bl.bram36_tdp_bl has an input control pin pcie_i/xdma_0/inst/pcie_xdma_0_0_pcie2_to_pcie3_wrapper_i/pcie2_ip_i/inst/inst/pcie_top_i/pcie_7x_i/pcie_bram_top/pcie_brams_rx/brams[0].ram/use_tdp.ramb36/genblk5_0.bram36_tdp_bl.bram36_tdp_bl/ADDRBWRADDR[9] (net: pcie_i/xdma_0/inst/pcie_xdma_0_0_pcie2_to_pcie3_wrapper_i/pcie2_ip_i/inst/inst/pcie_top_i/pcie_7x_i/pcie_bram_top/pcie_brams_rx/brams[0].ram/use_tdp.ramb36/MIMRXRADDR[5]) which is driven by a register (pcie_i/xdma_0/inst/pcie_xdma_0_0_pcie2_to_pcie3_wrapper_i/pcie_xdma_0_0_axi_stream_intf_i/pcie_xdma_0_0_rx_demux_i/tgt_brdg_fifo_inst/U0/inst_fifo_gen/gaxis_fifo.gaxisf.axisf/grf.rf/gntv_or_sync_fifo.gl0.wr/gwss.gpf.wrpf/gpfs.prog_full_i_reg) that has an active asychronous set or reset. This may cause corruption of the memory contents and/or read values when the set/reset is asserted and is not analyzed by the default static timing analysis. It is suggested to eliminate the use of a set/reset to registers driving this RAMB pin or else use a synchronous reset in which the assertion of the reset is timed by default.
Related violations: <none>

REQP-1840#1 Warning
RAMB18 async control check  
The RAMB18E1 pcie_i/xdma_0/inst/pcie_xdma_0_0_pcie2_to_pcie3_wrapper_i/pcie_xdma_0_0_axi_stream_intf_i/pcie_xdma_0_0_rx_demux_i/dma_cpl_fifo_inst/U0/inst_fifo_gen/gaxis_fifo.gaxisf.axisf/grf.rf/gntv_or_sync_fifo.mem/gbm.gbmg.gbmga.ngecc.bmg/inst_blk_mem_gen/gnbram.gnativebmg.native_blk_mem_gen/valid.cstr/ramloop[0].ram.r/prim_noinit.ram/DEVICE_7SERIES.NO_BMM_INFO.SDP.WIDE_PRIM18.ram has an input control pin pcie_i/xdma_0/inst/pcie_xdma_0_0_pcie2_to_pcie3_wrapper_i/pcie_xdma_0_0_axi_stream_intf_i/pcie_xdma_0_0_rx_demux_i/dma_cpl_fifo_inst/U0/inst_fifo_gen/gaxis_fifo.gaxisf.axisf/grf.rf/gntv_or_sync_fifo.mem/gbm.gbmg.gbmga.ngecc.bmg/inst_blk_mem_gen/gnbram.gnativebmg.native_blk_mem_gen/valid.cstr/ramloop[0].ram.r/prim_noinit.ram/DEVICE_7SERIES.NO_BMM_INFO.SDP.WIDE_PRIM18.ram/ENARDEN (net: pcie_i/xdma_0/inst/pcie_xdma_0_0_pcie2_to_pcie3_wrapper_i/pcie_xdma_0_0_axi_stream_intf_i/pcie_xdma_0_0_rx_demux_i/dma_cpl_fifo_inst/U0/inst_fifo_gen/gaxis_fifo.gaxisf.axisf/grf.rf/gntv_or_sync_fifo.mem/gbm.gbmg.gbmga.ngecc.bmg/inst_blk_mem_gen/gnbram.gnativebmg.native_blk_mem_gen/valid.cstr/ramloop[0].ram.r/prim_noinit.ram/DEVICE_7SERIES.NO_BMM_INFO.SDP.WIDE_PRIM18.ram_ENARDEN_cooolgate_en_sig_12) which is driven by a register (pcie_i/xdma_0/inst/pcie_xdma_0_0_pcie2_to_pcie3_wrapper_i/pcie2_ip_i/inst/inst/user_reset_out_reg) that has an active asychronous set or reset. This may cause corruption of the memory contents and/or read values when the set/reset is asserted and is not analyzed by the default static timing analysis. It is suggested to eliminate the use of a set/reset to registers driving this RAMB pin or else use a synchronous reset in which the assertion of the reset is timed by default.
Related violations: <none>

RTSTAT-10#1 Warning
No routable loads  
32 net(s) have no routable loads. The problem bus(es) and/or net(s) are pcie_i/xdma_0/inst/pcie_xdma_0_0_pcie2_to_pcie3_wrapper_i/pcie_xdma_0_0_axi_stream_intf_i/pcie_xdma_0_0_rx_demux_i/dma_cpl_fifo_inst/U0/inst_fifo_gen/gaxis_fifo.gaxisf.axisf/grf.rf/gntv_or_sync_fifo.gl0.rd/gr1.gr1_int.rfwft/aempty_fwft_i, pcie_i/axi_interconnect_1/s00_couplers/auto_ds/inst/gen_downsizer.gen_simple_downsizer.axi_downsizer_inst/USE_WRITE.write_addr_inst/cmd_queue/inst/fifo_gen_inst/inst_fifo_gen/gconvfifo.rf/grf.rf/gntv_or_sync_fifo.gl0.rd/gr1.gr1_int.rfwft/aempty_fwft_i, pcie_i/axi_interconnect_1/s00_couplers/auto_ds/inst/gen_downsizer.gen_simple_downsizer.axi_downsizer_inst/USE_WRITE.write_addr_inst/USE_B_CHANNEL.cmd_b_queue/inst/fifo_gen_inst/inst_fifo_gen/gconvfifo.rf/grf.rf/gntv_or_sync_fifo.gl0.rd/gr1.gr1_int.rfwft/aempty_fwft_i, pcie_i/axi_interconnect_1/s00_couplers/auto_ds/inst/gen_downsizer.gen_simple_downsizer.axi_downsizer_inst/USE_READ.read_addr_inst/cmd_queue/inst/fifo_gen_inst/inst_fifo_gen/gconvfifo.rf/grf.rf/gntv_or_sync_fifo.gl0.rd/gr1.gr1_int.rfwft/aempty_fwft_i, pcie_i/xdma_0/inst/pcie_xdma_0_0_pcie2_to_pcie3_wrapper_i/pcie_xdma_0_0_axi_stream_intf_i/pcie_xdma_0_0_rx_demux_i/tgt_brdg_fifo_inst/U0/inst_fifo_gen/gaxis_fifo.gaxisf.axisf/grf.rf/gntv_or_sync_fifo.gl0.rd/gr1.gr1_int.rfwft/aempty_fwft_i, pcie_i/axi_interconnect_1/s00_couplers/auto_ds/inst/gen_downsizer.gen_simple_downsizer.axi_downsizer_inst/USE_WRITE.write_addr_inst/cmd_queue/inst/fifo_gen_inst/inst_fifo_gen/gconvfifo.rf/grf.rf/gntv_or_sync_fifo.gl0.wr/gwss.wsts/ram_afull_fb, pcie_i/axi_interconnect_1/s00_couplers/auto_ds/inst/gen_downsizer.gen_simple_downsizer.axi_downsizer_inst/USE_WRITE.write_addr_inst/USE_B_CHANNEL.cmd_b_queue/inst/fifo_gen_inst/inst_fifo_gen/gconvfifo.rf/grf.rf/gntv_or_sync_fifo.gl0.wr/gwss.wsts/ram_afull_fb, pcie_i/axi_interconnect_1/s00_couplers/auto_ds/inst/gen_downsizer.gen_simple_downsizer.axi_downsizer_inst/USE_READ.read_addr_inst/cmd_queue/inst/fifo_gen_inst/inst_fifo_gen/gconvfifo.rf/grf.rf/gntv_or_sync_fifo.gl0.wr/gwss.wsts/ram_afull_fb, pcie_i/xdma_0/inst/pcie_xdma_0_0_pcie2_to_pcie3_wrapper_i/pcie_xdma_0_0_axi_stream_intf_i/pcie_xdma_0_0_rx_demux_i/tgt_brdg_fifo_inst/U0/inst_fifo_gen/gaxis_fifo.gaxisf.axisf/grf.rf/gntv_or_sync_fifo.gl0.wr/gwss.wsts/ram_afull_fb, pcie_i/xdma_0/inst/pcie_xdma_0_0_pcie2_to_pcie3_wrapper_i/pcie_xdma_0_0_axi_stream_intf_i/pcie_xdma_0_0_rx_demux_i/dma_cpl_fifo_inst/U0/inst_fifo_gen/gaxis_fifo.gaxisf.axisf/grf.rf/gntv_or_sync_fifo.gl0.wr/gwss.wsts/ram_afull_fb, pcie_i/axi_interconnect_1/s00_couplers/auto_ds/inst/gen_downsizer.gen_simple_downsizer.axi_downsizer_inst/USE_WRITE.write_addr_inst/cmd_queue/inst/fifo_gen_inst/inst_fifo_gen/gconvfifo.rf/grf.rf/gntv_or_sync_fifo.gl0.wr/gwss.wsts/ram_afull_i, pcie_i/xdma_0/inst/pcie_xdma_0_0_pcie2_to_pcie3_wrapper_i/pcie_xdma_0_0_axi_stream_intf_i/pcie_xdma_0_0_rx_demux_i/tgt_brdg_fifo_inst/U0/inst_fifo_gen/gaxis_fifo.gaxisf.axisf/grf.rf/gntv_or_sync_fifo.gl0.wr/gwss.wsts/ram_afull_i, pcie_i/axi_interconnect_1/s00_couplers/auto_ds/inst/gen_downsizer.gen_simple_downsizer.axi_downsizer_inst/USE_WRITE.write_addr_inst/USE_B_CHANNEL.cmd_b_queue/inst/fifo_gen_inst/inst_fifo_gen/gconvfifo.rf/grf.rf/gntv_or_sync_fifo.gl0.wr/gwss.wsts/ram_afull_i, pcie_i/axi_interconnect_1/s00_couplers/auto_ds/inst/gen_downsizer.gen_simple_downsizer.axi_downsizer_inst/USE_READ.read_addr_inst/cmd_queue/inst/fifo_gen_inst/inst_fifo_gen/gconvfifo.rf/grf.rf/gntv_or_sync_fifo.gl0.wr/gwss.wsts/ram_afull_i, pcie_i/xdma_0/inst/pcie_xdma_0_0_pcie2_to_pcie3_wrapper_i/pcie_xdma_0_0_axi_stream_intf_i/pcie_xdma_0_0_rx_demux_i/dma_cpl_fifo_inst/U0/inst_fifo_gen/gaxis_fifo.gaxisf.axisf/grf.rf/gntv_or_sync_fifo.gl0.wr/gwss.wsts/ram_afull_i (the first 15 of 32 listed).
Related violations: <none>


